version https://git-lfs.github.com/spec/v1
oid sha256:d984cb59e70a27c5c8dd852a05ab9392ede82a9054ac44b4a1ccabea492a272d
size 7320
